<?xml version="1.0" encoding="UTF-8"?>
<!-- Generated by org.testng.reporters.JUnitXMLReporter -->
<testsuite ignored="0" hostname="vijay" failures="0" tests="3" name="Default test" time="0.045" errors="0" timestamp="2024-05-06T10:32:27 IST">
  <testcase classname="TestNGStuff.ParametersXML" name="summation" time="0.01"/>
  <testcase classname="TestNGStuff.ParametersXML" name="summation" time="0.002"/>
  <testcase classname="TestNGStuff.ParametersXML" name="summation" time="0.001"/>
</testsuite> <!-- Default test -->
