<?xml version="1.0" encoding="UTF-8"?>
<!-- Generated by org.testng.reporters.JUnitXMLReporter -->
<testsuite ignored="0" hostname="vijay" failures="0" tests="3" name="Test" time="14.27" errors="0" timestamp="2024-05-14T10:29:37 IST">
  <testcase classname="PageObjectModelStuff.POMPageFactoryApproach" name="openURL" time="4.558"/>
  <testcase classname="PageObjectModelStuff.POMPageFactoryApproach" name="selectCountries" time="5.065"/>
  <testcase classname="PageObjectModelStuff.POMPageFactoryApproach" name="closeBrowsers" time="1.369"/>
</testsuite> <!-- Test -->
