<?xml version="1.0" encoding="UTF-8"?>
<!-- Generated by org.testng.reporters.JUnitXMLReporter -->
<testsuite ignored="0" hostname="vijay" failures="0" tests="8" name="Test" time="0.053" errors="0" timestamp="2024-04-25T10:51:58 IST">
  <testcase classname="TestNGStuff.NewTest" name="abc" time="0.013"/>
  <testcase classname="TestNGStuff.NewTest" name="xyz" time="0.001"/>
  <testcase classname="TestNGStuff.NewTest" name="def" time="0.001"/>
  <testcase classname="TestNGStuff.secondExample" name="login" time="0.001"/>
  <testcase classname="TestNGStuff.secondExample" name="test" time="0.001"/>
  <testcase classname="TestNGStuff.secondExample" name="closeapp" time="0.001"/>
  <testcase classname="TestNGStuff.BeforeAfterAnnotations" name="test1" time="0.001"/>
  <testcase classname="TestNGStuff.BeforeAfterAnnotations" name="test2" time="0.002"/>
</testsuite> <!-- Test -->
