<?xml version="1.0" encoding="UTF-8"?>
<!-- Generated by org.testng.reporters.JUnitXMLReporter -->
<testsuite ignored="0" hostname="vijay" failures="0" tests="6" name="Test1" time="0.058" errors="0" timestamp="2024-05-07T09:32:00 IST">
  <testcase classname="TestNGStuff.NewTest" name="abc" time="0.008"/>
  <testcase classname="TestNGStuff.NewTest" name="xyz" time="0.001"/>
  <testcase classname="TestNGStuff.NewTest" name="def" time="0.001"/>
  <testcase classname="TestNGStuff.secondExample" name="login" time="0.001"/>
  <testcase classname="TestNGStuff.secondExample" name="test" time="0.001"/>
  <testcase classname="TestNGStuff.secondExample" name="closeapp" time="0.001"/>
</testsuite> <!-- Test1 -->
