<?xml version="1.0" encoding="UTF-8"?>
<!-- Generated by org.testng.reporters.JUnitXMLReporter -->
<testsuite ignored="0" hostname="vijay" failures="0" tests="5" name="Test2" time="0.014" errors="0" timestamp="2024-05-07T09:32:00 IST">
  <testcase classname="TestNGStuff.NewTest" name="abc" time="0.001"/>
  <testcase classname="TestNGStuff.NewTest" name="xyz" time="0.0"/>
  <testcase classname="TestNGStuff.NewTest" name="def" time="0.001"/>
  <testcase classname="TestNGStuff.BeforeAfterAnnotations" name="test1" time="0.002"/>
  <testcase classname="TestNGStuff.BeforeAfterAnnotations" name="test2" time="0.001"/>
</testsuite> <!-- Test2 -->
