<?xml version="1.0" encoding="UTF-8"?>
<testng-results ignored="0" total="3" passed="3" failed="0" skipped="0">
  <reporter-output>
  </reporter-output>
  <suite started-at="2024-05-14T10:29:23 IST" name="Suite" finished-at="2024-05-14T10:29:37 IST" duration-ms="14270">
    <groups>
    </groups>
    <test started-at="2024-05-14T10:29:23 IST" name="Test" finished-at="2024-05-14T10:29:37 IST" duration-ms="14270">
      <class name="PageObjectModelStuff.POMPageFactoryApproach">
        <test-method is-config="true" signature="browsersetup(java.lang.String)[pri:0, instance:PageObjectModelStuff.POMPageFactoryApproach@4a94ee4]" started-at="2024-05-14T10:29:23 IST" name="browsersetup" finished-at="2024-05-14T10:29:26 IST" duration-ms="3241" status="PASS">
          <params>
            <param index="0">
              <value>
                <![CDATA[edge]]>
              </value>
            </param>
          </params>
          <reporter-output>
          </reporter-output>
        </test-method> <!-- browsersetup -->
        <test-method signature="openURL(java.lang.String)[pri:1, instance:PageObjectModelStuff.POMPageFactoryApproach@4a94ee4]" started-at="2024-05-14T10:29:26 IST" name="openURL" finished-at="2024-05-14T10:29:31 IST" duration-ms="4558" status="PASS">
          <params>
            <param index="0">
              <value>
                <![CDATA[https://demo.guru99.com/test/newtours/register.php]]>
              </value>
            </param>
          </params>
          <reporter-output>
          </reporter-output>
        </test-method> <!-- openURL -->
        <test-method signature="selectCountries(java.lang.String,java.lang.String,int,java.lang.String)[pri:2, instance:PageObjectModelStuff.POMPageFactoryApproach@4a94ee4]" started-at="2024-05-14T10:29:31 IST" name="selectCountries" finished-at="2024-05-14T10:29:36 IST" duration-ms="5065" status="PASS">
          <params>
            <param index="0">
              <value>
                <![CDATA[INDIA]]>
              </value>
            </param>
            <param index="1">
              <value>
                <![CDATA[RUSSIA]]>
              </value>
            </param>
            <param index="2">
              <value>
                <![CDATA[10]]>
              </value>
            </param>
            <param index="3">
              <value>
                <![CDATA[CHINA]]>
              </value>
            </param>
          </params>
          <reporter-output>
          </reporter-output>
        </test-method> <!-- selectCountries -->
        <test-method signature="closeBrowsers()[pri:3, instance:PageObjectModelStuff.POMPageFactoryApproach@4a94ee4]" started-at="2024-05-14T10:29:36 IST" name="closeBrowsers" finished-at="2024-05-14T10:29:37 IST" duration-ms="1369" status="PASS">
          <reporter-output>
          </reporter-output>
        </test-method> <!-- closeBrowsers -->
      </class> <!-- PageObjectModelStuff.POMPageFactoryApproach -->
    </test> <!-- Test -->
  </suite> <!-- Suite -->
</testng-results>
